<?xml version="1.0" encoding="UTF-8"?>
<!-- Generated by org.testng.reporters.JUnitReportReporter -->
<testsuite hostname="cpc477-0243n" failures="0" tests="1" name="com.example.testing.Test1" time="4.263" errors="0" timestamp="2021-09-22T13:04:45 IST" skipped="0">
  <testcase classname="com.example.testing.Test1" name="chromdemo" time="4.263"/>
  <system-out/>
</testsuite> <!-- com.example.testing.Test1 -->
